mode: set
github.com/jacky-htg/brilian/unit_test/add.go:3.24,5.2 1 1
github.com/jacky-htg/brilian/unit_test/user.go:12.58,14.2 1 1
github.com/jacky-htg/brilian/cmd/main.go:36.13,39.16 2 0
github.com/jacky-htg/brilian/cmd/main.go:39.16,41.3 1 0
github.com/jacky-htg/brilian/cmd/main.go:43.2,48.16 4 0
github.com/jacky-htg/brilian/cmd/main.go:48.16,50.3 1 0
github.com/jacky-htg/brilian/pkg/token/token.go:19.51,20.108 1 0
github.com/jacky-htg/brilian/pkg/token/token.go:20.108,22.3 1 0
github.com/jacky-htg/brilian/pkg/token/token.go:24.2,24.16 1 0
github.com/jacky-htg/brilian/pkg/token/token.go:24.16,26.3 1 0
github.com/jacky-htg/brilian/pkg/token/token.go:28.2,29.34 2 0
github.com/jacky-htg/brilian/pkg/token/token.go:33.47,45.2 3 0
github.com/jacky-htg/brilian/handlers/users.go:24.89,27.19 2 0
github.com/jacky-htg/brilian/handlers/users.go:28.24,31.9 3 0
github.com/jacky-htg/brilian/handlers/users.go:32.32,35.9 3 0
github.com/jacky-htg/brilian/handlers/users.go:36.10,36.10 0 0
github.com/jacky-htg/brilian/handlers/users.go:39.2,40.16 2 0
github.com/jacky-htg/brilian/handlers/users.go:40.16,43.3 2 0
github.com/jacky-htg/brilian/handlers/users.go:44.2,46.16 3 0
github.com/jacky-htg/brilian/handlers/users.go:46.16,49.3 2 0
github.com/jacky-htg/brilian/handlers/users.go:51.2,54.16 4 0
github.com/jacky-htg/brilian/handlers/users.go:54.16,58.3 3 0
github.com/jacky-htg/brilian/handlers/users.go:60.2,62.41 3 0
github.com/jacky-htg/brilian/handlers/users.go:62.41,64.3 1 0
github.com/jacky-htg/brilian/handlers/users.go:67.92,71.16 4 0
github.com/jacky-htg/brilian/handlers/users.go:71.16,75.3 3 0
github.com/jacky-htg/brilian/handlers/users.go:77.2,79.16 3 0
github.com/jacky-htg/brilian/handlers/users.go:79.16,83.3 3 0
github.com/jacky-htg/brilian/handlers/users.go:85.2,88.16 3 0
github.com/jacky-htg/brilian/handlers/users.go:88.16,91.3 2 0
github.com/jacky-htg/brilian/handlers/users.go:93.2,96.16 4 0
github.com/jacky-htg/brilian/handlers/users.go:96.16,100.3 3 0
github.com/jacky-htg/brilian/handlers/users.go:102.2,104.41 3 0
github.com/jacky-htg/brilian/handlers/users.go:104.41,106.3 1 0
github.com/jacky-htg/brilian/handlers/users.go:109.92,112.16 3 0
github.com/jacky-htg/brilian/handlers/users.go:112.16,115.3 2 0
github.com/jacky-htg/brilian/handlers/users.go:116.2,118.16 3 0
github.com/jacky-htg/brilian/handlers/users.go:118.16,122.3 3 0
github.com/jacky-htg/brilian/handlers/users.go:124.2,127.16 4 0
github.com/jacky-htg/brilian/handlers/users.go:127.16,130.3 2 0
github.com/jacky-htg/brilian/handlers/users.go:132.2,133.16 2 0
github.com/jacky-htg/brilian/handlers/users.go:133.16,136.3 2 0
github.com/jacky-htg/brilian/handlers/users.go:138.2,141.16 4 0
github.com/jacky-htg/brilian/handlers/users.go:141.16,145.3 3 0
github.com/jacky-htg/brilian/handlers/users.go:147.2,149.41 3 0
github.com/jacky-htg/brilian/handlers/users.go:149.41,151.3 1 0
github.com/jacky-htg/brilian/handlers/users.go:154.92,157.16 3 0
github.com/jacky-htg/brilian/handlers/users.go:157.16,160.3 2 0
github.com/jacky-htg/brilian/handlers/users.go:162.2,164.16 3 0
github.com/jacky-htg/brilian/handlers/users.go:164.16,167.3 2 0
github.com/jacky-htg/brilian/handlers/users.go:169.2,170.37 2 0
github.com/jacky-htg/brilian/handlers/users.go:173.89,179.16 5 0
github.com/jacky-htg/brilian/handlers/users.go:179.16,182.3 2 0
github.com/jacky-htg/brilian/handlers/users.go:184.2,185.25 2 0
github.com/jacky-htg/brilian/handlers/users.go:185.25,189.3 3 0
github.com/jacky-htg/brilian/handlers/users.go:191.2,192.16 2 0
github.com/jacky-htg/brilian/handlers/users.go:192.16,196.3 3 0
github.com/jacky-htg/brilian/handlers/users.go:198.2,200.41 3 0
github.com/jacky-htg/brilian/handlers/users.go:200.41,202.3 1 0
github.com/jacky-htg/brilian/handlers/users.go:205.90,210.16 4 0
github.com/jacky-htg/brilian/handlers/users.go:210.16,214.3 3 0
github.com/jacky-htg/brilian/handlers/users.go:216.2,218.16 3 0
github.com/jacky-htg/brilian/handlers/users.go:218.16,221.3 2 0
github.com/jacky-htg/brilian/handlers/users.go:223.2,224.16 2 0
github.com/jacky-htg/brilian/handlers/users.go:224.16,228.3 3 0
github.com/jacky-htg/brilian/handlers/users.go:230.2,231.16 2 0
github.com/jacky-htg/brilian/handlers/users.go:231.16,235.3 3 0
github.com/jacky-htg/brilian/handlers/users.go:237.2,239.16 3 0
github.com/jacky-htg/brilian/handlers/users.go:239.16,243.3 3 0
github.com/jacky-htg/brilian/handlers/users.go:245.2,247.41 3 0
github.com/jacky-htg/brilian/handlers/users.go:247.41,249.3 1 0
github.com/jacky-htg/brilian/route/route.go:12.64,30.2 11 0
github.com/jacky-htg/brilian/middleware/authorization.go:14.101,15.76 1 0
github.com/jacky-htg/brilian/middleware/authorization.go:15.76,17.23 2 0
github.com/jacky-htg/brilian/middleware/authorization.go:17.23,20.4 2 0
github.com/jacky-htg/brilian/middleware/authorization.go:22.3,22.48 1 0
github.com/jacky-htg/brilian/middleware/authorization.go:22.48,25.4 2 0
github.com/jacky-htg/brilian/middleware/authorization.go:27.3,28.45 2 0
github.com/jacky-htg/brilian/middleware/authorization.go:28.45,31.4 2 0
github.com/jacky-htg/brilian/middleware/authorization.go:34.3,34.17 1 0
github.com/jacky-htg/brilian/middleware/authorization.go:38.80,40.14 2 0
github.com/jacky-htg/brilian/middleware/authorization.go:40.14,42.3 1 0
github.com/jacky-htg/brilian/middleware/authorization.go:44.2,46.19 3 0
github.com/jacky-htg/brilian/middleware/init_middleware.go:17.113,18.36 1 0
github.com/jacky-htg/brilian/middleware/init_middleware.go:18.36,20.15 2 0
github.com/jacky-htg/brilian/middleware/init_middleware.go:20.15,22.4 1 0
github.com/jacky-htg/brilian/middleware/init_middleware.go:25.2,25.16 1 0
github.com/jacky-htg/brilian/dto/create_user_request.go:11.52,17.2 1 0
github.com/jacky-htg/brilian/dto/get_user_response.go:11.53,15.2 3 0
github.com/jacky-htg/brilian/dto/update_user_request.go:9.52,13.2 1 0
github.com/jacky-htg/brilian/pkg/database/mysql.go:5.32,7.2 1 0
github.com/jacky-htg/brilian/server.go:13.13,19.16 3 0
github.com/jacky-htg/brilian/server.go:19.16,21.3 1 0
github.com/jacky-htg/brilian/server.go:22.2,24.73 2 0
github.com/jacky-htg/brilian/repositories/user_repository.go:20.66,21.19 1 0
github.com/jacky-htg/brilian/repositories/user_repository.go:22.24,23.43 1 0
github.com/jacky-htg/brilian/repositories/user_repository.go:24.32,25.44 1 0
github.com/jacky-htg/brilian/repositories/user_repository.go:26.10,26.10 0 0
github.com/jacky-htg/brilian/repositories/user_repository.go:31.2,33.16 3 0
github.com/jacky-htg/brilian/repositories/user_repository.go:33.16,36.3 2 0
github.com/jacky-htg/brilian/repositories/user_repository.go:37.2,40.16 3 0
github.com/jacky-htg/brilian/repositories/user_repository.go:40.16,43.3 2 0
github.com/jacky-htg/brilian/repositories/user_repository.go:44.2,44.12 1 0
github.com/jacky-htg/brilian/repositories/user_repository.go:47.58,48.19 1 0
github.com/jacky-htg/brilian/repositories/user_repository.go:49.24,50.43 1 0
github.com/jacky-htg/brilian/repositories/user_repository.go:51.32,52.44 1 0
github.com/jacky-htg/brilian/repositories/user_repository.go:53.10,53.10 0 0
github.com/jacky-htg/brilian/repositories/user_repository.go:56.2,58.16 3 0
github.com/jacky-htg/brilian/repositories/user_repository.go:58.16,61.3 2 0
github.com/jacky-htg/brilian/repositories/user_repository.go:62.2,72.16 3 0
github.com/jacky-htg/brilian/repositories/user_repository.go:72.16,75.3 2 0
github.com/jacky-htg/brilian/repositories/user_repository.go:77.2,79.12 3 0
github.com/jacky-htg/brilian/repositories/user_repository.go:82.60,83.19 1 0
github.com/jacky-htg/brilian/repositories/user_repository.go:84.24,85.43 1 0
github.com/jacky-htg/brilian/repositories/user_repository.go:86.32,87.44 1 0
github.com/jacky-htg/brilian/repositories/user_repository.go:88.10,88.10 0 0
github.com/jacky-htg/brilian/repositories/user_repository.go:91.2,93.16 3 0
github.com/jacky-htg/brilian/repositories/user_repository.go:93.16,96.3 2 0
github.com/jacky-htg/brilian/repositories/user_repository.go:97.2,100.16 3 0
github.com/jacky-htg/brilian/repositories/user_repository.go:100.16,103.3 2 0
github.com/jacky-htg/brilian/repositories/user_repository.go:105.2,105.12 1 0
github.com/jacky-htg/brilian/repositories/user_repository.go:108.60,109.19 1 0
github.com/jacky-htg/brilian/repositories/user_repository.go:110.24,111.43 1 0
github.com/jacky-htg/brilian/repositories/user_repository.go:112.32,113.44 1 0
github.com/jacky-htg/brilian/repositories/user_repository.go:114.10,114.10 0 0
github.com/jacky-htg/brilian/repositories/user_repository.go:117.2,119.16 3 0
github.com/jacky-htg/brilian/repositories/user_repository.go:119.16,122.3 2 0
github.com/jacky-htg/brilian/repositories/user_repository.go:123.2,126.16 3 0
github.com/jacky-htg/brilian/repositories/user_repository.go:126.16,129.3 2 0
github.com/jacky-htg/brilian/repositories/user_repository.go:131.2,131.12 1 0
github.com/jacky-htg/brilian/repositories/user_repository.go:134.90,137.19 2 0
github.com/jacky-htg/brilian/repositories/user_repository.go:138.24,139.49 1 0
github.com/jacky-htg/brilian/repositories/user_repository.go:140.32,141.50 1 0
github.com/jacky-htg/brilian/repositories/user_repository.go:142.10,142.10 0 0
github.com/jacky-htg/brilian/repositories/user_repository.go:145.2,149.21 4 0
github.com/jacky-htg/brilian/repositories/user_repository.go:149.21,152.3 2 0
github.com/jacky-htg/brilian/repositories/user_repository.go:153.2,154.16 2 0
github.com/jacky-htg/brilian/repositories/user_repository.go:154.16,157.3 2 0
github.com/jacky-htg/brilian/repositories/user_repository.go:158.2,161.16 3 0
github.com/jacky-htg/brilian/repositories/user_repository.go:161.16,164.3 2 0
github.com/jacky-htg/brilian/repositories/user_repository.go:166.2,168.18 2 0
github.com/jacky-htg/brilian/repositories/user_repository.go:168.18,171.17 3 0
github.com/jacky-htg/brilian/repositories/user_repository.go:171.17,174.4 2 0
github.com/jacky-htg/brilian/repositories/user_repository.go:175.3,175.28 1 0
github.com/jacky-htg/brilian/repositories/user_repository.go:178.2,178.23 1 0
github.com/jacky-htg/brilian/repositories/user_repository.go:178.23,181.3 2 0
github.com/jacky-htg/brilian/repositories/user_repository.go:183.2,183.18 1 0
github.com/jacky-htg/brilian/repositories/user_repository.go:186.64,187.19 1 0
github.com/jacky-htg/brilian/repositories/user_repository.go:188.24,189.43 1 0
github.com/jacky-htg/brilian/repositories/user_repository.go:190.32,191.44 1 0
github.com/jacky-htg/brilian/repositories/user_repository.go:192.10,192.10 0 0
github.com/jacky-htg/brilian/repositories/user_repository.go:195.2,197.16 3 0
github.com/jacky-htg/brilian/repositories/user_repository.go:197.16,200.3 2 0
github.com/jacky-htg/brilian/repositories/user_repository.go:201.2,204.16 3 0
github.com/jacky-htg/brilian/repositories/user_repository.go:204.16,207.3 2 0
github.com/jacky-htg/brilian/repositories/user_repository.go:208.2,208.12 1 0
